#
# There is insufficient memory for the Java Runtime Environment to continue.
# Native memory allocation (mmap) failed to map 132120576 bytes for G1 virtual space
# Possible reasons:
#   The system is out of physical RAM or swap space
#   The process is running with CompressedOops enabled, and the Java Heap may be blocking the growth of the native heap
# Possible solutions:
#   Reduce memory load on the system
#   Increase physical memory or swap space
#   Check if swap backing store is full
#   Decrease Java heap size (-Xmx/-Xms)
#   Decrease number of Java threads
#   Decrease Java thread stack sizes (-Xss)
#   Set larger code cache with -XX:ReservedCodeCacheSize=
#   JVM is running with Unscaled Compressed Oops mode in which the Java heap is
#     placed in the first 4GB address space. The Java Heap base address is the
#     maximum limit for the native heap growth. Please use -XX:HeapBaseMinAddress
#     to set the Java Heap base and to place the Java Heap above 4GB virtual address.
# This output file may be truncated or incomplete.
#
#  Out of Memory Error (os_windows.cpp:3600), pid=8648, tid=16496
#
# JRE version:  (21.0.2+13) (build )
# Java VM: OpenJDK 64-Bit Server VM (21.0.2+13-58, mixed mode, sharing, tiered, compressed oops, compressed class ptrs, g1 gc, windows-amd64)
# No core dump will be written. Minidumps are not enabled by default on client versions of Windows
#

---------------  S U M M A R Y ------------

Command Line: --enable-preview -javaagent:C:\Program Files\JetBrains\IntelliJ IDEA Community Edition 2023.3.4\lib\idea_rt.jar=55140:C:\Program Files\JetBrains\IntelliJ IDEA Community Edition 2023.3.4\bin -Dfile.encoding=UTF-8 -Dsun.stdout.encoding=UTF-8 -Dsun.stderr.encoding=UTF-8 com.Java.Universal.Week5.R1_StoreNameArray

Host: Intel(R) Core(TM) i5-10210U CPU @ 1.60GHz, 8 cores, 7G,  Windows 11 , 64 bit Build 22000 (10.0.22000.2538)
Time: Thu Jul 18 01:17:35 2024 India Standard Time elapsed time: 0.017533 seconds (0d 0h 0m 0s)

---------------  T H R E A D  ---------------

Current thread (0x0000022244f13b90):  JavaThread "Unknown thread" [_thread_in_vm, id=16496, stack(0x000000383af00000,0x000000383b000000) (1024K)]

Stack: [0x000000383af00000,0x000000383b000000]
Native frames: (J=compiled Java code, j=interpreted, Vv=VM code, C=native code)
V  [jvm.dll+0x6cade9]
V  [jvm.dll+0x8569c1]
V  [jvm.dll+0x858d2e]
V  [jvm.dll+0x859413]
V  [jvm.dll+0x280e56]
V  [jvm.dll+0x6c74d5]
V  [jvm.dll+0x6bbeca]
V  [jvm.dll+0x355bca]
V  [jvm.dll+0x35d816]
V  [jvm.dll+0x3ae67e]
V  [jvm.dll+0x3ae928]
V  [jvm.dll+0x3295dc]
V  [jvm.dll+0x32a16b]
V  [jvm.dll+0x81efa9]
V  [jvm.dll+0x3bba01]
V  [jvm.dll+0x807928]
V  [jvm.dll+0x44f50e]
V  [jvm.dll+0x450e11]
C  [jli.dll+0x52a3]
C  [ucrtbase.dll+0x26c0c]
C  [KERNEL32.DLL+0x153e0]
C  [ntdll.dll+0x485b]


---------------  P R O C E S S  ---------------

Threads class SMR info:
_java_thread_list=0x00007ffede05bb88, length=0, elements={
}

Java Threads: ( => current thread )
Total: 0

Other Threads:
  0x00000222471bf760 WorkerThread "GC Thread#0"                     [id=13708, stack(0x000000383b000000,0x000000383b100000) (1024K)]
  0x00000222471d03b0 ConcurrentGCThread "G1 Main Marker"            [id=15560, stack(0x000000383b100000,0x000000383b200000) (1024K)]
  0x00000222471d1fa0 WorkerThread "G1 Conc#0"                       [id=16500, stack(0x000000383b200000,0x000000383b300000) (1024K)]

[error occurred during error reporting (printing all threads), id 0xc0000005, EXCEPTION_ACCESS_VIOLATION (0xc0000005) at pc=0x00007ffedd7cc6a7]
VM state: not at safepoint (not fully initialized)

VM Mutex/Monitor currently owned by a thread:  ([mutex/lock_event])
[0x00007ffede0cce68] Heap_lock - owner thread: 0x0000022244f13b90

Heap address: 0x0000000082a00000, size: 2006 MB, Compressed Oops mode: 32-bit

CDS archive(s) mapped at: [0x0000000000000000-0x0000000000000000-0x0000000000000000), size 0, SharedBaseAddress: 0x0000000800000000, ArchiveRelocationMode: 1.
Narrow klass base: 0x0000000000000000, Narrow klass shift: 0, Narrow klass range: 0x0

GC Precious Log:
 CardTable entry size: 512
 Card Set container configuration: InlinePtr #cards 5 size 8 Array Of Cards #cards 12 size 40 Howl #buckets 4 coarsen threshold 1843 Howl Bitmap #cards 512 size 80 coarsen threshold 460 Card regions per heap region 1 cards per card region 2048

Heap:
 garbage-first heap   total 0K, used 0K [0x0000000082a00000, 0x0000000100000000)
  region size 1024K, 0 young (0K), 0 survivors (0K)

[error occurred during error reporting (printing heap information), id 0xc0000005, EXCEPTION_ACCESS_VIOLATION (0xc0000005) at pc=0x00007ffeddbb39f9]
GC Heap History (0 events):
No events

Dll operation events (1 events):
Event: 0.013 Loaded shared library C:\Users\Rishi singh\.jdks\openjdk-21.0.2\bin\java.dll

Deoptimization events (0 events):
No events

Classes loaded (0 events):
No events

Classes unloaded (0 events):
No events

Classes redefined (0 events):
No events

Internal exceptions (0 events):
No events

ZGC Phase Switch (0 events):
No events

VM Operations (0 events):
No events

Events (0 events):
No events


Dynamic libraries:
0x00007ff7a2c10000 - 0x00007ff7a2c1e000 	C:\Users\Rishi singh\.jdks\openjdk-21.0.2\bin\java.exe
0x00007fff59f60000 - 0x00007fff5a169000 	C:\WINDOWS\SYSTEM32\ntdll.dll
0x00007fff58b00000 - 0x00007fff58bbd000 	C:\WINDOWS\System32\KERNEL32.DLL
0x00007fff57510000 - 0x00007fff57894000 	C:\WINDOWS\System32\KERNELBASE.dll
0x00007fff57b30000 - 0x00007fff57c41000 	C:\WINDOWS\System32\ucrtbase.dll
0x00007fff4a0b0000 - 0x00007fff4a0c8000 	C:\Users\Rishi singh\.jdks\openjdk-21.0.2\bin\jli.dll
0x00007fff4a0d0000 - 0x00007fff4a0eb000 	C:\Users\Rishi singh\.jdks\openjdk-21.0.2\bin\VCRUNTIME140.dll
0x00007fff58300000 - 0x00007fff584ad000 	C:\WINDOWS\System32\USER32.dll
0x00007fff57d10000 - 0x00007fff57d36000 	C:\WINDOWS\System32\win32u.dll
0x00007fff41320000 - 0x00007fff415c5000 	C:\WINDOWS\WinSxS\amd64_microsoft.windows.common-controls_6595b64144ccf1df_6.0.22000.120_none_9d947278b86cc467\COMCTL32.dll
0x00007fff58520000 - 0x00007fff585c3000 	C:\WINDOWS\System32\msvcrt.dll
0x00007fff58700000 - 0x00007fff5872a000 	C:\WINDOWS\System32\GDI32.dll
0x00007fff578a0000 - 0x00007fff579be000 	C:\WINDOWS\System32\gdi32full.dll
0x00007fff57470000 - 0x00007fff5750d000 	C:\WINDOWS\System32\msvcp_win.dll
0x00007fff586c0000 - 0x00007fff586f1000 	C:\WINDOWS\System32\IMM32.DLL
0x00007fff50480000 - 0x00007fff5048c000 	C:\Users\Rishi singh\.jdks\openjdk-21.0.2\bin\vcruntime140_1.dll
0x00007fff3cce0000 - 0x00007fff3cd6e000 	C:\Users\Rishi singh\.jdks\openjdk-21.0.2\bin\msvcp140.dll
0x00007ffedd490000 - 0x00007ffede1a7000 	C:\Users\Rishi singh\.jdks\openjdk-21.0.2\bin\server\jvm.dll
0x00007fff58930000 - 0x00007fff589de000 	C:\WINDOWS\System32\ADVAPI32.dll
0x00007fff59d10000 - 0x00007fff59dae000 	C:\WINDOWS\System32\sechost.dll
0x00007fff58790000 - 0x00007fff588b1000 	C:\WINDOWS\System32\RPCRT4.dll
0x00007fff59ca0000 - 0x00007fff59d0f000 	C:\WINDOWS\System32\WS2_32.dll
0x00007fff57210000 - 0x00007fff5725d000 	C:\WINDOWS\SYSTEM32\POWRPROF.dll
0x00007fff3f1e0000 - 0x00007fff3f1ea000 	C:\WINDOWS\SYSTEM32\VERSION.dll
0x00007fff4ed40000 - 0x00007fff4ed73000 	C:\WINDOWS\SYSTEM32\WINMM.dll
0x00007fff57100000 - 0x00007fff57113000 	C:\WINDOWS\SYSTEM32\UMPDC.dll
0x00007fff56420000 - 0x00007fff56438000 	C:\WINDOWS\SYSTEM32\kernel.appcore.dll
0x00007fff3e540000 - 0x00007fff3e54a000 	C:\Users\Rishi singh\.jdks\openjdk-21.0.2\bin\jimage.dll
0x00007fff51990000 - 0x00007fff51bb1000 	C:\WINDOWS\SYSTEM32\DBGHELP.DLL
0x00007fff3df50000 - 0x00007fff3df81000 	C:\WINDOWS\SYSTEM32\dbgcore.DLL
0x00007fff573f0000 - 0x00007fff5746f000 	C:\WINDOWS\System32\bcryptPrimitives.dll
0x00007fff3a790000 - 0x00007fff3a79f000 	C:\Users\Rishi singh\.jdks\openjdk-21.0.2\bin\instrument.dll
0x00007fff3dc40000 - 0x00007fff3dc5f000 	C:\Users\Rishi singh\.jdks\openjdk-21.0.2\bin\java.dll

dbghelp: loaded successfully - version: 4.0.5 - missing functions: none
symbol engine: initialized successfully - sym options: 0x614 - pdb path: .;C:\Users\Rishi singh\.jdks\openjdk-21.0.2\bin;C:\WINDOWS\SYSTEM32;C:\WINDOWS\WinSxS\amd64_microsoft.windows.common-controls_6595b64144ccf1df_6.0.22000.120_none_9d947278b86cc467;C:\Users\Rishi singh\.jdks\openjdk-21.0.2\bin\server

VM Arguments:
jvm_args: --enable-preview -javaagent:C:\Program Files\JetBrains\IntelliJ IDEA Community Edition 2023.3.4\lib\idea_rt.jar=55140:C:\Program Files\JetBrains\IntelliJ IDEA Community Edition 2023.3.4\bin -Dfile.encoding=UTF-8 -Dsun.stdout.encoding=UTF-8 -Dsun.stderr.encoding=UTF-8 
java_command: com.Java.Universal.Week5.R1_StoreNameArray
java_class_path (initial): E:\JavaFile all\JavaFile\out\production\All Java Program
Launcher Type: SUN_STANDARD

[Global flags]
     intx CICompilerCount                          = 4                                         {product} {ergonomic}
     uint ConcGCThreads                            = 2                                         {product} {ergonomic}
     uint G1ConcRefinementThreads                  = 8                                         {product} {ergonomic}
   size_t G1HeapRegionSize                         = 1048576                                   {product} {ergonomic}
    uintx GCDrainStackTargetSize                   = 64                                        {product} {ergonomic}
   size_t InitialHeapSize                          = 132120576                                 {product} {ergonomic}
   size_t MarkStackSize                            = 4194304                                   {product} {ergonomic}
   size_t MaxHeapSize                              = 2103443456                                {product} {ergonomic}
   size_t MinHeapDeltaBytes                        = 1048576                                   {product} {ergonomic}
   size_t MinHeapSize                              = 8388608                                   {product} {ergonomic}
    uintx NonNMethodCodeHeapSize                   = 5839372                                {pd product} {ergonomic}
    uintx NonProfiledCodeHeapSize                  = 122909434                              {pd product} {ergonomic}
    uintx ProfiledCodeHeapSize                     = 122909434                              {pd product} {ergonomic}
    uintx ReservedCodeCacheSize                    = 251658240                              {pd product} {ergonomic}
     bool SegmentedCodeCache                       = true                                      {product} {ergonomic}
   size_t SoftMaxHeapSize                          = 2103443456                             {manageable} {ergonomic}
     bool UseCompressedOops                        = true                           {product lp64_product} {ergonomic}
     bool UseG1GC                                  = true                                      {product} {ergonomic}
     bool UseLargePagesIndividualAllocation        = false                                  {pd product} {ergonomic}

Logging:
Log output configuration:
 #0: stdout all=warning uptime,level,tags foldmultilines=false
 #1: stderr all=off uptime,level,tags foldmultilines=false

Environment Variables:
JAVA_HOME=C:\Program Files\Java\jdk-18.0.2.1
PATH=C:\Users\Rishi singh\AppData\Local\Programs\Python\Python39\Scripts\;C:\Users\Rishi singh\AppData\Local\Programs\Python\Python39\;C:\Program Files\Common Files\Oracle\Java\javapath;C:\python3.9\Scripts\;C:\python3.9\;C:\PerfLogs\python3.9\Scripts\;C:\PerfLogs\python3.9\;C:\WINDOWS\system32;C:\WINDOWS;C:\WINDOWS\System32\Wbem;C:\WINDOWS\System32\WindowsPowerShell\v1.0\;C:\WINDOWS\System32\OpenSSH\;C:\Program Files (x86)\Dev-Cpp\MinGW64\bin;C:\Program Files (x86)\mingw-w64\i686-8.1.0-posix-dwarf-rt_v6-rev0\mingw32\bin;C:\MinGW\bin;C:\TDM-GCC-32\bin;C:\Program Files\MySQL\MySQL Server 8.0\bin;C:\Program Files\Java\jdk1.8.0_351\BIN;C:\Program Files\Java\jdk1.8.0_351;C:\apache-maven-3.9.0-bin\apache-maven-3.9.0\bin;C:\Program Files\dotnet\;C:\Program Files\nodejs\;C:\Program Files\Git\cmd;C:\Program Files\Common Files\Oracle\Java\javapath;C:\python3.9\Scripts\;C:\python3.9\;C:\PerfLogs\python3.9\Scripts\;C:\PerfLogs\python3.9\;C:\WINDOWS\system32;C:\WINDOWS;C:\WINDOWS\System32\Wbem;C:\WINDOWS\System32\WindowsPowerShell\v1.0\;C:\WINDOWS\System32\OpenSSH\;C:\Program Files (x86)\Dev-Cpp\MinGW64\bin;C:\Program Files (x86)\mingw-w64\i686-8.1.0-posix-dwarf-rt_v6-rev0\mingw32\bin;C:\MinGW\bin;C:\TDM-GCC-32\bin;C:\Program Files\MySQL\MySQL Server 8.0\bin;C:\Program Files\Java\jdk1.8.0_351\BIN;C:\Program Files\Java\jdk1.8.0_351;C:\apache-maven-3.9.0-bin\apache-maven-3.9.0\bin;C:\Program Files\dotnet\;C:\Program Files\Git\cmd;C:\Program Files\nodejs\;C:\Program Files\MySQL\MySQL Shell 8.0\bin\;C:\Users\Rishi singh\AppData\Local\Microsoft\WindowsApps;C:\Program Files (x86)\mingw-w64\i686-8.1.0-posix-dwarf-rt_v6-rev0\mingw32\bin;C:\MinGW\bin;C:\TDM-GCC-32\bin;C:\Users\Rishi singh\AppData\Local\Programs\Microsoft VS Code\bin;C:\Program Files\JetBrains\IntelliJ IDEA Community Edition 2023.3.4\bin;;C:\apache-tomcat-10.1.10-windows-x64\apache-tomcat-10.1.10\bin;C:\Users\Rishi singh\AppData\Roaming\npm;C:\Users\Rishi singh\AppData\Local\GitHubDesktop\bin;C:\path\to\apache-maven-3.8.5\bin
USERNAME=Rishi singh
OS=Windows_NT
PROCESSOR_IDENTIFIER=Intel64 Family 6 Model 142 Stepping 12, GenuineIntel
TMP=C:\Users\RISHIS~1\AppData\Local\Temp
TEMP=C:\Users\RISHIS~1\AppData\Local\Temp




Periodic native trim disabled

---------------  S Y S T E M  ---------------

OS:
 Windows 11 , 64 bit Build 22000 (10.0.22000.2538)
OS uptime: 0 days 7:39 hours
Hyper-V role detected

CPU: total 8 (initial active 8) (4 cores per cpu, 2 threads per core) family 6 model 142 stepping 12 microcode 0xde, cx8, cmov, fxsr, ht, mmx, 3dnowpref, sse, sse2, sse3, ssse3, sse4.1, sse4.2, popcnt, lzcnt, tsc, tscinvbit, avx, avx2, aes, erms, clmul, bmi1, bmi2, adx, fma, vzeroupper, clflush, clflushopt, hv, rdtscp, f16c
Processor Information for all 8 processors :
  Max Mhz: 2112, Current Mhz: 1609, Mhz Limit: 1605

Memory: 4k page, system-wide physical 8022M (1096M free)
TotalPageFile size 25598M (AvailPageFile size 70M)
current process WorkingSet (physical memory assigned to process): 10M, peak: 10M
current process commit charge ("private bytes"): 60M, peak: 186M

vm_info: OpenJDK 64-Bit Server VM (21.0.2+13-58) for windows-amd64 JRE (21.0.2+13-58), built on 2024-01-05T18:32:24Z by "mach5one" with MS VC++ 17.1 (VS2022)

END.
